<?xml version="1.0" encoding="UTF-8"?>
<!-- Generated by org.testng.reporters.JUnitReportReporter -->
<testsuite name="loyalty.lux.demoTest" tests="3" time="0.012" ignored="0" failures="0" timestamp="26 Aug 2018 15:57:28 GMT" skipped="0" hostname="DR_MANOJ" errors="0">
  <testcase name="div" time="0.012" classname="loyalty.lux.demoTest"/>
  <testcase name="sum" time="0.000" classname="loyalty.lux.demoTest"/>
  <testcase name="min" time="0.000" classname="loyalty.lux.demoTest"/>
</testsuite> <!-- loyalty.lux.demoTest -->
